-1.8272391108443355
-0.23120440103074827
-0.19414723027430442
-0.08584500929659003
-0.23406342073684844
-0.2008003549945557
-0.07649770171044795
-0.20678575333378774
-0.20508856905507658
-0.08438265006021511
-0.21614932160563377
-0.2095739473628777
-0.2315240007591726
-0.21921483604599934
-0.22451384681634162
-0.13610411509402473
-0.2136858097750562
-0.2239867004910635
0.015447505507821816
-0.21704894092940533
-0.2336937427169287
0.02973033855267208
-0.21654556815711645
-0.23494303150469242
0.11219023954843832
-0.24238694854302661
-0.24405736607906287
0.07392836650981334
-0.23447784428854643
-0.2713251023878952
0.032601837366311885
-0.23411537669681584
-0.27956302485736656
0.06820487271824253
-0.24117112631008233
-0.2886867912755308
0.02460241162007373
-0.24156724836208215
-0.28908686562801467
-0.05970740403415881
-0.2856356407438922
-0.30981656060422486
-0.07726056001303329
-0.27312178936567877
-0.3034230996041428
-0.15439991465334738
-0.3136787293065462
-0.2980588419972601
-0.17137434615139946
-0.26338399065935214
-0.28506073304672547
-0.1323981647456544
-0.23578791684483788
-0.27823482908101366
-0.11037790972896201
-0.21945312283635632
-0.2709406373883298
-0.11231722428364653
-0.2097648733742342
-0.2638454253665993
-0.1042266179322848
-0.19893721032686756
-0.23739644755104128
-0.12316316209101413
-0.1756948044652393
-0.21334310444917964
-0.13649326269684706
-0.13039317957461802
-0.1370578192521076
0.07881489561544108
-0.13966213514502385
-0.14278478501892394
0.08671968915492921
-0.1348658009206097
-0.15151984041194747
0.15606088541036212
-0.1405021170255228
-0.1543307185574025
0.1067000906091865
-0.1534080184156782
-0.16751278583839335
0.15183368995239013
-0.16441128695777377
-0.16852183169296503
0.11552160559331923
-0.16785601195149163
-0.1715793290913294
0.06194017768596034
-0.1651384351543558
-0.1736339529333512
0.1082615228075289
-0.16044170780054112
-0.17841779352778256
0.08083727926191484
-0.16559560413044028
-0.19801522164830132
0.11308698940892727
-0.16539625069689706
-0.18520974737184084
0.0237150655633328
-0.15022100881132713
-0.1845261252578176
0.02020056875809981
-0.19168496314039352
-0.18678776644893738
0.0834195996074144
-0.17880950782362925
-0.19482816415161366
0.036768507296425626
-0.09782361174852473
-0.29605594610702757
-0.44105175495921195
-0.06537307975685346
-0.27912682069057393
-0.314033146538831
-0.08175877660714218
-0.27629231710179664
-0.24612769312934807
-0.0947268544818041
-0.27843871290040306
-0.2426243615464386
-0.11919354867288257
-0.2689647444442791
-0.21230177710765777
-0.14829671403330724
-0.25678944556338934
-0.23923370985577544
-0.18067372782123248
-0.24236210269618708
-0.2405423954140171
-0.29379934217371734
-0.26074953538773554
-0.25908525673699173
-0.3036478227232116
-0.2649119240834829
-0.26264079454713074
-0.2792337529810837
-0.27997056108314666
-0.33906634569467337
-0.29607229984237443
-0.2859605279115919
-0.5688413465435346
-0.30588432266855736
-0.30228315332060585
-0.6030742036212311
-0.30267930289686085
-0.294035711495398
-0.5954759483529998
-0.32554025024309047
-0.3099897848765284
-0.5877247421878464
-0.3101533315553219
-0.32190687931963086
-0.5128261738426358
-0.33710649122674785
-0.34886938168220644
-0.5463814687750467
-0.36201040097353354
-0.34326744818464017
-0.5848913964522198
-0.377186901145943
-0.36593197601944666
-0.6622222999425624
-0.36406799326332445
-0.3703089831123855
-0.26623149211082753
-0.33732822946754437
-0.3623089553839199
-0.3058514319651881
-0.31487516381367003
-0.33429959896776396
-0.3224999172181819
-0.2987864564766091
-0.3281375178494628
-0.38834156762383
-0.2702722012131616
-0.3159345224292795
-0.3591750425692541
-0.2502076725088877
-0.31502762980296406
-0.24980717595525553
-0.2127882055062656
-0.2952422336316158
-0.24592287071474037
-0.2339453205480682
-0.2882236604099613
-0.2099591364632629
-0.22755049946062927
-0.28650352042794397
-0.20667101476073152
-0.24083958020505294
-0.2998591611888592
-0.21452527156828974
-0.4446608313588699
-0.481119162023886
-0.3456347843105179
-0.42153828690870526
-0.4719096476541703
-0.33985574442021166
-0.38923361823456104
-0.46407769921347647
-0.3504688923764296
-0.38329259039532654
-0.4598280221282542
-0.33636100670871055
-0.3727067640458623
-0.4564152000525746
-0.32763776034032366
-0.3647918438827055
-0.4516311754931139
-0.2012968855623045
-0.3615718244945942
-0.43879597320608554
-0.19991858915446406
-0.3637882419602388
-0.4291546441076936
-0.12343227523772678
-0.36763707465257267
-0.4220000964253652
-0.1230660045228465
-0.36589558145908996
-0.4188218776052242
-0.1316298089527869
-0.3572987110389012
-0.41132965366962915
-0.06484686137252814
-0.3588339851022876
-0.41096205314572654
-0.15408409753375227
-0.3489643642424782
-0.4017013412244151
-0.07819706142905401
-0.3443507059377372
-0.39306940119144385
-0.07272189813361087
-0.3393918557879978
-0.3896813671206096
-0.06870151113864058
-0.3306483998617733
-0.3896813671206096
-0.08429670199414531
-0.3286088906234848
-0.37007712269127674
-0.0840172969460234
-0.31986594074220936
-0.35812750441426433
-0.08954988407747179
-0.31823016686264577
-0.3559033328527386
-0.07233134610324989
-0.30077809424379515
-0.3559033328527386
-0.11049849944454296
-0.29853026374467667
-0.3559033328527386
-0.04105882391249073
-0.2891729836329602
-0.3416426343944474
-0.10638356908334087
-0.27664235602154325
-0.3325544168996569
-0.10350332968857962
-0.277418040500309
-0.3248199340465408
-0.09863969776315278
-0.26381554127476836
-0.32014454978960616
-0.032473067435889624
-0.26003872567075254
-0.310513217507854
-0.08093936803774957
-0.2598963944881273
-0.3093216653182373
-0.038892180270022364
-0.25530776292015317
-0.29827505556433975
-0.041207784363696154
-0.24784901573105156
-0.29143497980919036
-0.031109932118709122
-0.23824580108857904
-0.2846606015540208
0.0034130526701989343
-0.23262662593027475
-0.2776411779517226
-0.004295796311075493
-0.23316391565005562
-0.26647237450097433
0.074854248558862
-0.22605071735621898
-0.2530237001339599
0.10961213558946509
-0.21543310083763303
-0.2434098179501776
0.08997989784742509
-0.20311307540422255
-0.22788102464154875
0.12522102141187172
-0.19126454678696633
-0.21671691404110188
0.09895087814948562
-0.40956298275680547
-0.4961896732600374
-0.5281574957290466
-0.4093166817301586
-0.4988309458033733
-0.5596514286842911
-0.4202080797576936
-0.5161133193540391
-0.5351029556213437
-0.4267187073236327
-0.5096057528108879
-0.5327714860539479
-0.44106348240742815
-0.5021729375405498
-0.5421347737591004
-0.4399165986265932
-0.4981366362017695
-0.5692916784728648
-0.4516364252764001
-0.49664998524184756
-0.5563463518530688
-0.49069546120282315
-0.497853759859958
-0.5167328924808189
-0.493533231905665
-0.5018790412531018
-0.5196976486620315
-0.4829995077430386
-0.4990350189168414
-0.5453612413587875
-0.48609291262832105
-0.5053960296245517
-0.5527727917127725
-0.4595439919689847
-0.5064961771873912
-0.5720506596965084
-0.445416452008934
-0.49958697706080113
-0.5649993418119587
-0.4526488254179517
-0.49792050093273554
-0.5707045630289045
-0.4244865503728088
-0.49876347600629484
-0.5100576156830836
-0.4314846342239859
-0.5075458294888379
-0.5209160255629626
-0.4506550196432506
-0.49877602101552215
-0.4948586407955614
-0.4708229557043622
-0.4984046853877231
-0.5041401695958986
-0.4789008078199394
-0.5058404711872695
-0.45706122562469276
-0.48147191604163386
-0.494657732619352
-0.4321837337492429
-0.46610737358799303
-0.4824683840948116
-0.4217028650636817
-0.46255762693912816
-0.47958297111451864
-0.46507376356165453
-0.458176691274456
-0.47958297111451864
-0.42152911667214615
-0.45492731009647736
-0.4872857447349669
-0.3817785143700621
-0.4263679699328592
-0.45979862229520196
-0.3763363574537021
-0.4656914571105864
-0.4604715039113623
-0.39167193276226
-0.43365931929790813
-0.4507878040925559
-0.42946917344289415
-0.45487226176017675
-0.4895274857914799
-0.40627669843456315
-0.4120697514370859
-0.3874595724710443
-0.03479388784569816
-0.42187205114888104
-0.39466503774836154
-0.05087973069847675
-0.42059920439605825
-0.40387820597901236
-0.05757126652670018
-0.4293455881167778
-0.41287247251467757
-0.04310532735103575
-0.42658453645811384
-0.42001629744838576
-0.04535147089566329
-0.42522462853900744
-0.4324460574656439
-0.05335291032970356
-0.40673493114829395
-0.4325408916516554
-0.048440950144762504
-0.41109530452335696
-0.4475667172670287
-0.08793092123708023
-0.42133061476023614
-0.45158647544079866
-0.24256400154902047
-0.42418167766923853
-0.4574146306657542
-0.35872927409990624
-0.41855495869208303
-0.468883086459352
-0.32886780968957646
-0.42163160819732276
-0.47452731450671554
-0.386427574216624
-0.4225356776636395
-0.48915945051666404
-0.46698648863642234
-0.4293040661840709
-0.48915945051666404
-0.4693534020365665
-0.42520556272515364
-0.4979659368383135
-0.45964995173242246
-0.4253533391382262
-0.5015042922850134
-0.5207178748076606
-0.43053376780266
-0.5009674965537224
-0.5367831115734654
-0.43781563040514115
-0.5086925483482347
-0.5744465279987097
-0.436227012764649
-0.5205173246870306
-0.6130176337119324
-0.4487110559679293
-0.5190637547007082
-0.6430723190532567
-0.45362488827734215
-0.5287463784738379
-0.724495241173852
-0.43802558454157436
-0.5363798097357306
-0.7007053744934166
-0.4471330468219786
-0.5369536533179272
-0.7083774127371267
-0.4583011848087866
-0.5469198925633064
-0.7122901672687967
-0.4643900884006581
-0.5519428237713797
-0.7476977964023767
-0.4612279842286961
-0.5604611200721927
-0.7634921889248888
-0.45829318385755347
-0.5621575808491516
-0.7798285732725798
-0.45006063319408884
-0.5875069788903241
-0.8271997511775677
-0.45121312873819125
-0.5842201632379336
-0.836151557060625
-0.462714750811414
-0.6020235236824395
-0.8537867613572029
-0.4465689501339861
-0.6023567354336652
-0.8721475327508063
-0.4616815879545377
-0.6066265166795262
-0.9330803206418806
-0.459849074563065
-0.6061200945337671
-0.768618207988252
-0.448697774914405
-0.6030701971259711
-0.6000496399899172
-0.44079197738610554
-0.6106562671394957
-0.6208876762058124
-0.43034559014351936
-0.6080097644848524
-0.6374513733872057
-0.4170599826266795
-0.6111437517068167
-0.6225265501386397
-0.455204890747218
-0.6121003121572924
-0.5671622354607918
-0.42864914010740024
-0.6181491519175223
-0.5563885769376136
-0.415323093558048
-0.6235298112901538
-0.5103912430191276
-0.3958900966215603
-0.5909552681960917
-0.5053186677280346
-0.3930099300005484
-0.5783200937109853
-0.5714928911663802
-0.36163022349515034
-0.5791561955881142
-0.5228972183586219
-0.35569785843341506
-0.5773764430122899
-0.5526388525977242
-0.4055448175133007
-0.5534975453108761
-0.5286064862409705
-0.3878889864845603
-0.5414788481490261
-0.48934710347443183
-0.35946672337807456
-0.5398241063710165
-0.5068677763197148
-0.3456753182728512
-0.5305419361278388
-0.4229337455730238
-0.32998874109308357
-0.5299706138488424
-0.43606292273044367
-0.3373154327402598
-0.5259528522566983
-0.39249545060411556
-0.3241884678504573
-0.5133412625025323
-0.39200673786319673
-0.31279567047219486
-0.5124306097237091
-0.3674967396148672
-0.30960899651202023
-0.5030630719479043
-0.36270445526096096
-0.2981724402309188
-0.5000108435938473
-0.3822638624066503
-0.29131862471550213
-0.49825761032201205
-0.33644099583947223
-0.2852447599822708
-0.48593440826239476
-0.33627263327787105
-0.28735444055113124
-0.4801397286300638
-0.31544653588193194
-0.2873996101080142
-0.47466998538552835
-0.3005032889459647
-0.2904004419853108
-0.46536400927269905
-0.2809518438346026
-0.275812664852895
-0.4457009125878517
-0.30012474886722074
-0.2771910658082452
-0.42916172422724613
-0.28810608642808794
-0.2806757658080965
-0.4146528140094424
-0.2735126601713084
-0.26287164226627185
-0.3992041738227783
-0.30553861993694986
-0.25664413155575944
-0.3925184848138781
-0.2996618048108313
-0.11347817916772071
-0.12829952994526778
0.030109693613506114
-0.270962697455168
-0.2542878825456608
-0.315803956439052
-0.40573825118284595
-0.3721028501094015
-0.08178357352608544
-0.41196576189335843
-0.3787885391183017
-0.08766038865220384
-0.09959305341780877
-0.11850688530169734
0.08210433817852329
-0.1370614203802084
-0.3147614120547863
-0.5354224514182754
-0.29161988459328625
-0.24134719063838053
-0.3300579686170892
-0.21403268155512364
-0.18966832460262087
-0.191751426866273
-0.40020634486544115
-0.4858595923864927
-0.6147168882469302
-0.3927972285962228
-0.32560611134432815
-0.08719744459581437
-0.3914188276408726
-0.3421452997049337
-0.0992161070349473
-0.38793412764102136
-0.3566542099227374
-0.11380953329172695
-0.2061088198372786
-0.1642842836646121
-0.2227981586821619
-0.3782094514638071
-0.30594301465948087
-0.10637034962843273
-0.08512754196439959
-0.09091700916854596
-0.006271881512258546
-0.1732490813656812
-0.3716681467590237
-0.5865614457736823
-0.401781722443569
-0.48373276058107
-0.6672279598963052
-0.37532460443594234
-0.2954961402290582
-0.08681890451707032
-0.3154002556164663
-0.22702431309602544
-0.32607974407357493
-0.2174669588532123
-0.15892421929974504
-0.1735815475313238
-0.3690859557575412
-0.2720489914681291
-0.04291831141749188
-0.37478577477990693
-0.28498341530187027
-0.0681224050032349
-0.07684682317279344
-0.07475641020185492
0.053395283432129445
-0.24727823125020576
-0.3812786850802593
-0.6151234046066985
-0.3093715682580006
-0.20564641644813722
-0.2753845324937309
-0.4203304425294984
-0.4856922518352268
-0.642705029564598
-0.3515832659204111
-0.24577555687598446
0.009651191753783726
-0.35546930031430224
-0.2597257894085118
-0.03747179237182987
-0.26483837452263403
-0.3848004950179063
-0.7670013298595245
-0.4129447267493652
-0.48217347165420005
-0.684064589342357
-0.06403242872867984
-0.06347172733207802
0.0567577382738802
-0.2794693586159413
-0.3875777540207072
-0.950888866892069
-0.3125842739518145
-0.20437811750119908
-0.2620720164655302
-0.19663284631282674
-0.13827350330410043
-0.1035633099161049
-0.4177961897340305
-0.48840410141777446
-0.675312697538539
-0.3310228890642645
-0.22564114643068656
0.041131581129553535
-0.33655113262941555
-0.23165781021342008
0.016104258774222554
-0.342053978823331
-0.24196106662478967
0.002232438620782015
-0.2828221940051634
-0.36348722464830274
-0.8628141696995033
-0.28577676979957084
-0.37180220897646854
-0.8745934327230662
-0.1892576507016777
-0.13587263707856465
-0.09248741741518618
-0.42002353671127146
-0.4768477073965061
-0.5678689298688218
-0.4239085612614021
-0.4817282676355563
-0.601500859828795
-0.31583247382294605
-0.20896869382204308
0.044657178140699944
-0.05476114955802494
-0.05134066775763687
0.0924513180676268
-0.2816138949707248
-0.34736833440085574
-0.8251480087445493
-0.29493255078115727
-0.17699488104943384
-0.21182534426095959
-0.4166058963629409
-0.47007332914133654
-0.517776427929882
-0.3083123174927863
-0.18991517204874894
0.09261148599023801
-0.3185393812605953
-0.19731113702573005
0.09281117953540506
-0.2697351024357338
-0.34017071665526977
-0.851839110671782
-0.409632889517331
-0.47303196836784
-0.5079853861790922
-0.28112949117180003
-0.3201965959493132
-0.6020379945170133
-0.2717975443094755
-0.33045315099992034
-0.773354618764565
-0.1736588497526689
-0.10952353235597845
0.0002682568718040245
-0.40857116777836516
-0.46079380642432577
-0.41529315511648923
-0.4087134989609904
-0.4619853586139425
-0.510300990272766
-0.29489752976241845
-0.1773580012319024
0.18216791383137598
-0.04104325237662867
-0.041324289749167235
0.15748622209313606
-0.2864648138396264
-0.3000666350288515
-0.5001044757447789
-0.2527772460790024
-0.147014212658131
-0.03047298979406086
-0.40479435217434934
-0.4511624741425736
-0.45632871481254217
-0.25744791477620366
-0.15322360784227948
0.23456949650506292
-0.2712000744070148
-0.16865512707980915
0.18555257542359205
-0.2902060248214402
-0.266820386726905
-0.23918878669215193
-0.2855624933939836
-0.2896612724467203
-0.24155218827002936
-0.3919675374275745
-0.4387526070325229
-0.3866214883244658
-0.39119185294880876
-0.44648708988563907
-0.39016208448527834
-0.2918257742230638
-0.22363841440323648
-0.2923569929783881
-0.29848758272563786
-0.25048900917303407
-0.23274276453304327
-0.37007962970444097
-0.4154036910794413
-0.45729991731546227
-0.37943690981615746
-0.4296643895377325
-0.3959113066470276
-0.03256957467339198
-0.02919776234838053
0.1750465388532402
-0.29019706247154275
-0.20457913106051223
-0.18581315134741858
-0.14986820598981326
-0.08741833506792537
0.03398256536040857
-0.36783179920532255
-0.4154036910794413
-0.3820898223610989
-0.22420349407112558
-0.1152837716970529
0.24238674361058404
-0.24234777302989352
-0.12990346272275954
0.2760314204329222
-0.2725187039007357
-0.16818608288134204
-0.11761925584174597
-0.27862247714150873
-0.18496937920665688
-0.17159807008407416
-0.34874395270690833
-0.4131795195179156
-0.3747380857276516
-0.35037972658647193
-0.4154036910794413
-0.3957218416399
-0.2301568220303861
-0.1273308373306419
-0.027339424617418225
-0.26377823170257036
-0.14597046926809318
-0.07386346203180649
-0.33796149358734434
-0.3816256568115702
-0.3584312694167635
-0.34000100282563284
-0.4012299012409031
-0.37752822001659636
-0.1916339193977336
-0.08608600934867236
0.010364468604820397
-0.32921803766111984
-0.3816256568115702
-0.3755964184769178
-0.17549273426459686
-0.32205688607880184
-0.5628191461044812
-0.12968745281415603
-0.31371325068592876
-0.43313068300609503
-0.0885084341294718
-0.27573309598397117
-0.3684973037052757
-0.31964552920663947
-0.3696056827077646
-0.36121529283918535
-0.32425918751138044
-0.3782376227407359
-0.3739986860867774
-0.2124535734371701
-0.3227937105762988
-0.9403524054690491
-0.20752664860432204
-0.3143834058504402
-0.6246520516099917
-0.31131118241021655
-0.3599773702625504
-0.35959641599619513
-0.3097759083468301
-0.36034497078645306
-0.2667617744020549
-0.2155827889055423
-0.3161818765024291
-0.8598015885438809
-0.30271431199002785
-0.3524851463269555
-0.2859584826307649
-0.22148001638445788
-0.3014367782310383
-0.8128956140418561
-0.22200313985763118
-0.30788545769231734
-0.8298311271041466
-0.304821651488879
-0.3421523798244862
-0.26388991822530783
-0.30097281879654514
-0.3493069275068145
-0.281147770746852
-0.21917807183524363
-0.2868235819701021
-0.6427479722646049
-0.07421025717801412
-0.24342000615176615
-0.3179727573230325
-0.3070380689545237
-0.3325110507260942
-0.18740360430857106
-0.20332084161764016
-0.26464560370032264
-0.3308823735423978
-0.21166752936317004
-0.27751759179395
-0.5361653803154837
-0.2959031294032557
-0.3148918238796053
-0.05968443312271181
-0.3038180495664124
-0.31967584843906593
-0.18602530790073085
-0.20803235606360498
-0.24784068330287679
-0.12720527334073378
-0.2853173030537915
-0.31147900180392574
-0.05096118675432494
-0.19994917781450625
-0.22745232259657916
0.035941699915452124
-0.06660475043373162
-0.24490988080211723
-0.3036647579847899
-0.27937627521455694
-0.30722932471870334
-0.03685330108660587
-0.1952821673799294
-0.2120721175201222
0.03339237435941213
-0.24707160654041274
-0.2993973762780095
-0.0474664490428239
-0.1808653504063376
-0.19331234219674012
0.05105112145089232
-0.07700775362735722
-0.2341957806426959
-0.2571188298859056
-0.22394906209024842
-0.2901878619082939
-0.04168740915251759
-0.17390144608589772
-0.16698588532011666
0.09237083450122606
-0.21373763168894155
-0.27856659273672796
-0.0007984456320901841
-0.1721006316265283
-0.13750581749550791
0.11415558033087896
-0.18301759808590556
-0.27042526631428465
0.004069075147685035
-0.07186550187914639
-0.2273169729336823
-0.2241237715558259
-0.07763473673378048
-0.21082456001892913
-0.19627667101368038
0.0006335366311017929
-0.1476167943270943
-0.15157154476558615
-0.1509854602732272
-0.26074156649547836
-0.04904094415200562
-0.01091696645937707
-0.13291944881877682
-0.11008650518319361
-0.07825385548137774
-0.19176527667620488
-0.16494292433707425
0.014915681524174006
-0.15676958894689907
-0.1717373180471834
-0.03983618560304376
-0.11158070741661123
-0.09316928013331588
-0.13050545098633023
-0.2569036991927866
-0.0869321012653594
-0.04308371168391076
-0.09687551971155378
-0.0927385306034097
-0.08094932709052012
-0.1791753803646985
-0.1631685421139844
-0.19689611902910603
-0.23710422447222276
-0.25764763574382815
-0.25654014201203196
-0.3838474514611354
-0.3525283056173373
-0.24673784230023676
-0.37664198618381817
-0.3364424627645584
-0.1017615126061346
-0.17193222030561797
-0.14743270163231412
-0.24801068905305956
-0.36742881795316723
-0.3297509269363349
-0.051789439160483404
-0.0873252587578874
-0.08085882340223588
-0.18988540918245325
-0.23696711716961927
-0.25705685411490176
-0.23926430533233992
-0.358434551417502
-0.3442168661119994
-0.24202535699100386
-0.35129072648379384
-0.34197072256737177
-0.0794270974000508
-0.07977700212212421
-0.07279500100205799
-0.1056293595548254
-0.1568258174389188
-0.14860989621524925
-0.2433852649101104
-0.33886096646653563
-0.3339692831333314
-0.2618749623008239
-0.33876613228052416
-0.3388812433182724
-0.20376575476195496
-0.21906445783369496
-0.24721895138684913
-0.25751458892576085
-0.3237403066651509
-0.340315327948689
-0.07728494699018654
-0.06363831850104895
-0.06566674021384078
-0.11832953833472303
-0.15109583911372215
-0.1392936569613103
-0.24727927868888147
-0.319720548491381
-0.32782760980756154
-0.24442821577987908
-0.31389239326642543
-0.31951168154279486
-0.1274416766065652
-0.1405972104750126
-0.13109653046946934
-0.19002061278594648
-0.2194355017129601
-0.24588329215465782
-0.25005493475703444
-0.30242393747282775
-0.3204062307588786
-0.2469782852517948
-0.2967797094254643
-0.318735989116405
-0.21345643032812148
-0.2869719317495817
-0.2597897750139276
-0.18747486617185682
-0.2711092926596147
-0.2633580427097637
-0.0925822877856155
-0.050246220179282666
-0.05828315574291882
-0.13090431505204278
-0.13153220761402218
-0.13864460556883448
-0.15365966930042724
-0.20421302386678553
-0.2473764318317411
-0.24607421578547817
-0.2821475734155156
-0.31635908656946676
-0.23930582726504698
-0.2821475734155156
-0.31872348100947306
-0.2373926911244919
-0.2733410870938662
-0.31872348100947306
-0.18244786490077308
-0.2589891301584001
-0.2660862423162146
-0.09215052020324234
-0.042158256645115896
-0.05449407982255652
-0.23724491471141934
-0.2680496324512709
-0.30720913769361763
-0.16714326878969252
-0.25025407476537653
-0.2538449413289541
-0.15349192799986267
-0.231901353236233
-0.25807593082654795
-0.14509439450817685
-0.22589137580615495
-0.2527150578710612
-0.1289179639914406
-0.12903923402615422
-0.12822668379700214
-0.13175732602191656
-0.20172924787898738
-0.23482220435315942
-0.22709630255630134
-0.26651750969204135
-0.2958757527150879
-0.21981443995382002
-0.258792457897529
-0.29112885027202406
-0.13851124396571643
-0.20303331199863645
-0.2501330477269812
-0.22140305759431217
-0.24696768155873314
-0.2906675945073933
-0.12401217830205946
-0.11888297705406475
-0.12822668379700214
-0.11612875208470473
-0.18410869836979135
-0.23193479769281136
-0.20891901439103214
-0.24842125154505548
-0.29584547850417403
-0.2040051820816193
-0.2387386277719258
-0.28682969368382055
-0.13254512605552687
-0.1921426941124807
-0.2355532425841745
-0.21091857766926378
-0.2287587221343951
-0.28082822826580367
-0.0946674875792072
-0.16675473243143418
-0.21694800407716372
-0.2018111153888599
-0.2242515063590226
-0.27328154168102997
-0.12146517549542914
-0.10325861849297338
-0.11398120889426004
-0.1906429774020517
-0.2118642347316232
-0.2623999620997619
-0.14624917644692503
-0.19549659764754937
-0.18231822530402086
-0.13775590535528498
-0.18203514902761697
-0.18535938691808224
-0.12894974035415857
-0.1686247093776589
-0.1885339528462514
-0.11953660864522973
-0.15618249895045166
-0.18763945864693565
-0.10648837607244907
-0.14180887947984402
-0.1800788754406386
-0.09089647596237946
-0.1297532238713748
-0.16290216647502204
-0.21279985606454058
-0.17748562810108462
-0.0014825715322047022
-0.16412556099207598
-0.19396435404292112
0.03522900576178856
-0.18323374639530737
-0.1614505195849243
-0.010828684449197297
-0.1576087875718141
-0.1813144567500084
0.028207821761521038
-0.1900184676952097
-0.09989793515424228
-0.009131799017973927
-0.19394803172281053
-0.10681412588493464
0.2904583791273721
-0.022796740706555834
-0.021939105552697187
0.11408479758065004
-0.12079730074473342
-0.06686863383440712
0.01965604673236354
-0.1635828969624464
-0.06505927365862722
0.2586182354201397
-0.1865655220214975
-0.09727526627532843
0.22748501837526558
-0.14078615625589055
-0.04312016810593002
0.08513504708213612
-0.14587119678307053
-0.04086436864458209
-0.001964409525586297
-0.1498007608106714
-0.04635753757185862
0.30136465311550736
-0.14542113251050423
-0.10013411024588756
0.08480521678182415
-0.15161899690432892
-0.11312477216838407
0.10253060061358056
-0.1265748231212684
-0.07309605674347842
0.10874526384893328
-0.10194611082271207
-0.23251289162852182
-0.09144456949042014
0.026189057261275125
-0.16406004216014974
-0.23574908841472486
0.024628712298556253
-0.15941683488504343
-0.20018983333935317
-0.09504962274847431
-0.22749503450154
-0.05936367645867559
0.008823178810610776
-0.18500990684670593
-0.2682348117805317
-0.08365638822946936
-0.22749503450154
-0.04841773310185256
-0.015280352040473422
-0.1876437158245391
-0.3036182720968151
-0.08010664158060438
-0.2229230013090798
-0.0957893004539125
-0.05460253914685918
-0.19714965638324394
-0.403766268531045
-0.06474209912696353
-0.207872206323716
-0.09638996887181357
-0.06538283805527104
-0.18770558363698167
-0.5121968293570911
-0.06731320734865803
-0.19668946775579843
-0.08253472473655148
-0.08289181362859568
-0.0439343695600967
-0.04053454678041213
-0.07837345161373686
-0.036616028021914396
-0.04527498568162916
-0.07400149544822963
-0.03338852404978797
-0.04057201226175721
-0.0747124117589584
-0.14615355116938172
-0.22188174225017415
-0.18455407381018035
-0.20684130352354987
-0.25745265620390767
-0.18422223532605492
-0.19832300722273688
-0.25463538132622726
-0.07144005620566307
-0.02827032405981706
-0.03618550464190982
-0.1189016815950646
-0.09982419440385781
-0.1070637115130399
-0.18715703569719744
-0.19662654644577804
-0.24287267877418725
-0.1881716208146807
-0.16800670259833134
-0.22986707868470044
-0.11055257836195068
-0.17345277947376186
-0.21688064394215065
-0.11673156460901761
-0.13973637853851423
-0.19368157404279066
-0.06176092188545633
-0.13551130321617677
-0.18169143249985395
-0.1850783136064498
-0.16474311670390263
-0.2187122668195908
-0.10803379844190295
-0.12134057478158825
-0.176850389466181
-0.10993794404121297
-0.08090363578874377
-0.09690485246828962
-0.17357669153322744
-0.14693975625939676
-0.2083878822116053
-0.1759408131621137
-0.14693975625939676
-0.2083878822116053
-0.05297067872561734
-0.11021731422912562
-0.16143742901868555
-0.16082817534156235
-0.13941923755291052
-0.2035438689367814
-0.07999300377955991
-0.11985565071786106
-0.15860300988681852
-0.06917780190662245
-0.10860561623864975
-0.148418753205502
-0.06825535410213276
-0.0968023520419202
-0.13580896726114744
-0.14931299797261227
-0.1495937264577223
-0.04014747019068895
-0.14994703674562193
-0.16403208319934234
0.03800074220601564
-0.14200788463747155
-0.13871898582161063
-0.059682601970648334
-0.1323957500730131
-0.1303529524375454
-0.05643644835955493
-0.15409022630360142
-0.15892397768823618
0.047238316011590994
-0.1484547895741044
-0.15892397768823618
0.082055859540818
-0.11774621987156353
-0.12039606272331388
-0.029338255896602616
-0.14573374385373553
-0.15530905788724048
0.09100183706933719
-0.10328031883954686
-0.10786331240835459
-0.04462830055868373
-0.09571473007038461
-0.10082203361898287
-0.05960412276022705
-0.13975378206332123
-0.15526447460771217
0.09794911301984353
-0.1382102555956544
-0.14303633405247235
0.08414293200913239
-0.10481696450944802
-0.08455109810200775
-0.06437504049555264
-0.1365329464208246
-0.13508433999075106
0.08862983490975423
-0.09763928703516647
-0.08455109810200775
-0.07255754860492264
-0.1361160786701795
-0.13508433999075106
0.07813525764971577
-0.09705741520283634
-0.07199332560958796
-0.06105891609133676
-0.13821960528396815
-0.12872332928304067
0.078467177987276
-0.04116219008113178
-0.05673000367345272
0.13952609407861272
-0.04013379848222542
-0.05251688378874838
0.14190635308724917
-0.1483111995679779
-0.11945632318719887
0.08402332642240133
-0.03847679163501301
-0.0505332418887433
0.15069280625463846
-0.03171598191137656
-0.0505332418887433
0.1530048754053069
-0.03667544490673908
-0.04843391571606669
0.15886842160437872
-0.14584197503464458
-0.10672003704737126
0.11088300071990574
-0.042495525525269695
-0.04221430043348944
0.14374705476935948
-0.03647346322377432
-0.04740116219935761
0.14257741357852732
-0.02798752398217202
-0.03491299516392665
0.1203400929659398
-0.016059039501091308
-0.028571025250690805
0.1384923079003728
-0.01584843895217052
-0.020204991866625565
0.10686784877862963
-0.013100531437351143
-0.01755662649370288
0.08769200309963085
-0.008763834685174636
-0.011723265472857881
0.06224350220646689
-0.004670668697201243
-0.005012369657691274
0.07336403004534675
-0.003929564027600847
-0.006916190730692371
0.09830741446640569
-0.09667196258057686
-0.037067455330309876
-0.001162539035330559
-0.10743311767297917
-0.04291735222716252
0.30621376062390043
-0.015149535900182408
-0.016745551204368866
0.08498150891823103
-0.08246403208133465
-0.03500024715763477
0.05112047963913752
-0.08639359610893552
-0.0404934160849113
0.38050848438092516
-0.09559276761416344
-0.0404934160849113
0.36467857315155006
-0.07052466987321504
-0.027437201541844584
-0.043590830020850166
-0.07595942419343119
-0.03328709843869722
0.386071274599689
-0.015149535900182408
-0.013498190575931053
-0.048030199800913734
-0.04900591100113639
-0.025283118926385982
0.16023951220162083
-0.05293547502873723
-0.030443076102436774
0.5281400859700901
-0.06754654728758057
-0.03328709843869722
0.36655609456763627
-0.015149535900182408
-0.010426054030674443
0.04379865537540992
-0.040665375832801894
-0.022255395139150966
0.31951955936534987
-0.046100130153018046
-0.022010532239117638
0.6932132214993763
-0.046100130153018046
-0.02526126969974316
0.7493019961156268
-0.028388887076876125
-0.019922711608323453
0.37248102182182014
-0.026883696784260815
-0.01999726961470534
0.27172418815651306
-0.03231845110447697
-0.02234374399034337
0.6675416304171811
-0.03231845110447697
-0.02234374399034337
0.674852450105773
-0.01468617256152596
-0.007760396678814771
0.02944992772369138
-0.030377639440348398
-0.015793342443524185
0.6697446363992335
-0.030950594252835643
-0.011584478208443195
0.6122934822182783
-0.05239701138739816
-0.01978890786276617
0.3810626158957777
-0.08044323171398102
-0.023747864880542424
0.22760690342811454
-0.12123868000974956
-0.0634349923413903
0.17638541195604923
-0.06576822127676402
-0.030406632440921316
0.2078289716429022
-0.09247956704008026
-0.04248512765483413
0.21981707867867895
-0.06705807580032587
-0.17633597127326764
-0.4121752440320204
-0.06528542682271755
-0.17962021134119407
-0.43084660385631796
-0.08707282142437996
-0.17944465535599008
-0.02472295582893555
-0.06984027734172309
-0.1855541980522148
-0.00942932116362424
-0.10802998668335713
-0.16653775853372058
-0.31702669067046274
-0.09517176441864864
-0.16991263717558985
-0.3348035374486587
-0.10575917025945598
-0.1706748468826743
0.04452538057048833
-0.09943813022467715
-0.1706748468826743
0.04028949981958163
-0.09117901999906014
-0.15849786934225782
-0.10017558482484408
-0.09243744526024181
-0.16288766105385571
-0.1672383211635935
-0.07735146640553933
-0.1650000098240072
0.0667941476290182
-0.07606117743866389
-0.17088072195420992
0.12233417860159333
-0.0832859450332883
-0.13435941340730992
-0.00818555150258474
-0.060754701912155415
-0.1453545235575896
0.10070513981107217
-0.0933847599072603
-0.11706291429513895
0.10044261820295432
-0.081320468768577
-0.12619255487430756
0.10044744277534555
-0.049494307035899715
-0.13718766502458724
0.07990379024603697
-0.04429737553682879
-0.13718766502458724
0.08698342026246145
-0.09122073182352587
-0.10457113147615983
0.06428444824615998
-0.03854371512262848
-0.13434364268832677
0.043745620289242636
-0.08557718344989407
-0.09170120192713677
0.0644584712691551
-0.039704176650640355
-0.13041693001974936
0.04526776700865179
-0.09830209050390377
-0.07041380536438328
0.09144296933443914
-0.07721968610939645
-0.11939256408261993
0.07107504537018998
-0.07318982002076445
-0.04934592554202117
0.12252043105533499
-0.08295955096878907
-0.11786132984316972
0.09096764794049235
-0.009769730948024666
-0.06851540430114855
-0.03155278311484263
-0.03576514180523573
-0.08082203174823956
-0.04670831041471939
0.02108240439450739
-0.04897875871823667
-0.020367923964249107
-0.07909162146758505
-0.11021010870339364
0.07275672075524757
0.045873006799253796
-0.03871572809261261
-0.019190704260503344
0.05267701670089746
-0.029772511212166945
-0.0205388279569174
0.04389045287136058
-0.020124750729448276
-0.0205388279569174
-0.06790701472021077
-0.02559918147780854
-0.03153749274542433
-0.09910044122559486
-0.0720898577099077
-0.07730277168445338
-0.15582534385731592
-0.13474385329597593
-0.1468440714448736
-0.10251332289202288
-0.10877707129426473
-0.1306563093529131
-0.15236557124713276
-0.13494972836751154
-0.1538286480407539
-0.04430814468339984
-0.10809428653303962
-0.14723890349301505
-0.15185849186958109
-0.1273636583539869
-0.15250579185691143
-0.0636387474920145
-0.06603612047065302
-0.1114830297433158
-0.056724902631721114
-0.06265399558606821
-0.06954129976042026
-0.10817740108575248
-0.06693943939845051
-0.0578830266648479
-0.030733360464596876
-0.04618630877032425
0.11189074429818367
-0.13989989059250238
-0.10250580104523421
0.06104819096427626
-0.028949728583299205
-0.04850901546457583
0.12147545177597058
-0.13836417281685315
-0.10186870104321058
0.07821004164955986
-0.028949728583299205
-0.04167910121439677
0.1176928172988155
-0.13768712900045485
-0.0930863475606675
0.0933043322803459
-0.02214465196433176
-0.06461674378002603
0.16091508342361457
-0.1308820523814874
-0.0930863475606675
0.13225940316146134
-0.019209259985877178
-0.06107432931888543
0.1599885831569998
-0.12794666040303282
-0.08734814049224182
0.12624729729648754
-0.003929564027600847
-0.005493168927276529
0.09539758684834918
-0.003929564027600847
-0.005493168927276529
0.12145652894904287
-0.003929564027600847
-0.005159957176050796
0.15543836978655262
-0.019230109866766515
-0.010101864255229919
0.38015628440731153
-0.019665731238279777
-0.012522896637249838
0.2473471854622579
-0.02315967389436736
-0.012522896637249838
0.6308053767880815
-0.02315967389436736
-0.012522896637249838
0.6353790585837328
-0.014697547747595402
-0.004489950872540423
0.019886272909490424
-0.01573616721067893
-0.010101864255229919
0.4089264487249418
-0.019665731238279777
-0.012522896637249838
0.5873679359055245
-0.019665731238279777
-0.012522896637249838
0.61782825914325
-0.019665731238279777
-0.010101864255229919
0.2197165622367159
-0.019665731238279777
-0.010101864255229919
0.5943367609551222
-0.014697547747595402
-0.002068918490520506
-6.927220199064903e-05
-0.019665731238279777
-0.00616849206205405
0.5942114092961859
-0.004968183490684375
-0.008032945764709414
0.5892553686190514
-0.015691466878822436
-0.008032945764709414
0.6100286105550258
-0.005434754320216157
-0.00300587456059219
0.42978243675027683
-0.005434754320216157
-0.0058498968968526376
0.42966210462053916
-0.010761155092402283
-0.0058498968968526376
0.30737629965923124
-0.005434754320216157
-0.002346474375638028
0.3958174422606682
-0.026363258710239854
-0.019924148561221742
0.1781678754688848
-0.04332647966234937
-0.029388076955154076
0.11946503116996697
-0.08780095982188349
-0.10277729343305544
0.09821097657932155
-0.0046159320264544945
-0.0011970255264571962
0.2421933280447306
-0.005338083675098915
-0.0037064024357845865
0.21551159449545276
-0.10168442414714483
-0.09116162137879814
0.14412141345973495
-0.09845477694580212
-0.09116162137879814
0.1097800199522929
0.0
-0.0011970255264571962
0.19167845625377722
-0.09492134970023623
-0.08115299662922129
0.10560629650422267
-0.06371509560132624
-0.05969323870956117
-0.0532467307713462
-0.07713900179671036
-0.0687305175045853
-0.07283894704453142
-0.09492134970023623
-0.0799559711027641
-0.08607215974955458
-0.06371509560132624
-0.05969323870956117
0.15468474502139878
-0.07713900179671036
-0.0687305175045853
0.12844381663440924
-0.032846350081986414
-0.04220495414677551
-0.04252853753860728
-0.09706849212069033
-0.08996459585234094
-0.0980719145849956
-0.032846350081986414
-0.04220495414677551
0.1654029382541376
-0.02961444934353366
-0.03610985214401997
-0.025331943692059905
-0.02961444934353366
-0.03610985214401997
0.18713026028985696
-0.017649788065031834
-0.016430548013431176
-0.015984883874060857
-0.09311669327070318
-0.08745521894301356
-0.10573157454315979
-0.017649788065031834
-0.016430548013431176
0.21313625551664162
-0.012074706257441115
-0.011937578344900928
0.013927580188570814
-0.012074706257441115
-0.011937578344900928
0.21847446267683485
-0.010340555649267317
-0.009798714981652915
0.042262479623177036
-0.061437701111643636
-0.0828531448718337
-0.07995689888956323
-0.010340555649267317
-0.009798714981652915
0.1771336837355877
-0.004154981355125357
-0.009798714981652915
0.038712589884735485
-0.004154981355125357
-0.009798714981652915
0.16156416658555556
-0.0036692410116335415
0.0
0.16187097707975268
-0.0036692410116335415
0.0
0.16187097707975268
0.037023093231748204
-0.010995110150279644
-0.013464022512884118
0.022531243121132916
-0.010995110150279644
-0.013464022512884118
0.013827553593520796
-0.006502140481749397
-0.01306812747745548
0.016376267821577955
-0.007993060900354187
-0.01306812747745548
0.0022708164239012138
-0.004137088348953703
-0.01306812747745548
-0.0007724231499408402
-0.0007622097070844269
-0.008365154057583535
-0.01457999130383785
-0.0007622097070844269
-0.008365154057583535
0.0008799038012106668
-0.0029281121504285143
-0.008365154057583535
-0.049852248355109915
-0.026172657073246793
-0.023172338687840792
-0.09058817919795817
-0.06941331959733268
-0.07870210459703687
0.003504385026829216
-0.003133987221964123
0.0
-0.15187070719666323
-0.12280384336241612
-0.13037930445675427
-0.06370956322806176
-0.02380093174842045
-0.026003050162818973
-0.08266144429481738
-0.07120024517746415
-0.07870210459703687
0.0006215951122979215
-0.004872653043619426
0.0
-0.15595714320827533
-0.119669856140452
-0.12947421647594576
-0.10597188502892053
-0.11628935954772501
-0.1263737186261437
-0.0901599925310457
-0.10680033444279896
-0.13229826964092858
-0.053785578441334296
-0.021404203948877144
-0.026003050162818973
-0.07312645679002312
-0.07120024517746415
-0.07016263781068081
0.0009419317366329238
-0.004872653043619426
0.0
-0.08970390292862342
-0.08271793898339894
-0.13554918586404693
-0.08615427480606022
-0.08307648946075974
-0.10948854411026583
-0.0816519317257594
-0.08617280433625996
-0.10628768142402648
-0.04907568413391494
-0.01980655147892673
-0.01746358337646292
-0.04747172399351275
-0.09528132190512242
-0.12516976274872382
-0.030434909029589556
-0.08130015129264054
-0.11885899457786299
-0.013902964472705615
-0.06402711819713042
-0.11071476129823281
-0.08277617588284192
-0.07686705664701285
-0.10681171871499656
-0.07056426198580912
-0.06402711819713042
-0.11071476129823281
-0.03359441437894469
-0.010874813329162264
-0.013119087476312928
-0.058962124929278686
-0.053119514494878894
-0.05663275097577374
-0.00561716115961292
-0.06458587077902406
-0.09328520372712727
-0.00952083255754307
-0.06117304870334446
-0.0835276654121951
-0.014245640308625386
-0.05412491632926076
-0.06262233097469577
-0.014245640308625386
-0.05412491632926076
-0.06262233097469577
-0.009618020689331335
-0.010349551170692806
0.0
-0.0490110511921483
-0.04270924406336554
-0.033792937884500565
-0.01462225768348048
-0.050849915755591744
-0.05699993388024908
-0.02008177109543894
-0.0440252730576072
-0.044070450267996254
-0.015461986885911837
-0.03638547785343829
-0.03948392099961957
-0.015461986885911837
-0.03638547785343829
-0.03948392099961957
-0.09224757998021355
-0.09586892439203154
-0.10347116631312679
0.0007825048211840269
-0.01079765599387775
0.0
-0.025865029198737198
-0.035442884751043645
-0.02690324602646596
-0.0133985365343958
-0.0323246149989608
-0.0364470367293921
-0.01926309034750741
-0.02721860399505038
-0.03592971262239041
-0.03591832448728907
-0.06131373503452178
-0.10954613570122804
-0.03370049174892695
-0.057060505168086105
-0.08934813533853363
0.024073581821401638
-0.050298235374182196
-0.07040857793588216
-0.010463750406107605
-0.033675721886914395
-0.044070450267996254
-0.020045595168691435
-0.016420948001172633
-0.03592971262239041
-0.016946918113766397
-0.026282885359485808
-0.026850176822856165
-0.016946918113766397
-0.026282885359485808
-0.026850176822856165
-0.06128252799870508
-0.05339052376508343
-0.05167719985971746
-0.007498548236228309
-0.03560008926533479
-0.053596165043891725
-0.008525474935736348
-0.014972559158795794
-0.036125043613345585
0.05334496376966576
-0.011466356284145187
-0.03665245275135349
-0.10916653012790552
-0.05828612133130458
-0.04798542088447305
-0.10916653012790552
-0.056319492274909976
-0.050842553333907324
-0.10941444423355397
-0.05335968557863476
-0.043265410126410705
-0.10873740041715566
-0.05140724634627073
-0.02438848501846965
-0.10873740041715566
-0.028469603780641464
-0.028655680262153312
-0.10873740041715566
-0.026273811173356414
-0.03374128586051232
-0.11105473221301038
-0.016135384598983185
-0.005266888363896272
-0.059121756147705685
-0.016135384598983185
-0.0012039558774197727
-0.06573458076741721
-0.06901195340378864
0.12079952158696175
-0.06573458076741721
-0.06422901831612114
0.1039375268066367
-0.12239587828052076
-0.06877708498911175
0.15227375689820885
-0.12239587828052076
-0.06877708498911175
0.14125150915802115
-0.12239587828052076
-0.06591563852828844
0.1301699720545589
-0.12239587828052076
-0.06422901831612114
0.12616930320047168
-0.11538357942618793
-0.05982954178158752
0.08805635466426383
-0.11173647252992885
-0.051508387568691125
0.05750155869049326
-0.11173647252992885
-0.05105124936938962
0.0549557335009626
-0.11538357942618793
-0.06422901831612114
0.09357059966778626
-0.11173647252992885
-0.051508387568691125
0.08590089039744654
-0.11173647252992885
-0.054604702444191335
0.07594626525602571
-0.06327412213281507
-0.052641700390128554
0.14245546503544093
-0.0519329760653047
-0.0500939535253392
0.02525804795097817
-0.0519329760653047
-0.04594104002597829
0.03580567610932286
-0.0519329760653047
-0.0500939535253392
0.05339068345122994
-0.0519329760653047
-0.0500939535253392
0.03807790483217338
-0.011341146067510372
-0.052641700390128554
0.1575406452621051
0.0
-0.0032129454039719896
0.03418189153029738
0.0
-0.0032129454039719896
0.019752950603617606
0.0
0.0
-0.01442894092667977
0.0
-0.004152913499360906
0.0022722287228505076
0.0
0.0
0.028132635500251767
0.0
-0.003553453074801709
0.02099053175506313
0.0
0.0
0.028399331706953287
0.0
-0.004399476534533626
0.0055142450035224055
-0.003929564027600847
-0.0024210323820199166
0.07325028889325075
-0.003929564027600847
-0.0024210323820199166
0.050675891688157365
-0.003929564027600847
-0.0024210323820199166
0.043570283068172205
0.0
0.0
0.06555290008214913
-0.010979823090156628
-0.0038220176864160217
0.6240027413946384
-0.006011639599472254
-0.002068918490520506
0.020484120019844777
-0.010979823090156628
-0.0038220176864160217
0.24895497685175358
-0.010979823090156628
-0.0038220176864160217
0.5163630347562908
-0.010979823090156628
-0.0038220176864160217
0.5515956040943959
-0.010979823090156628
-0.0038220176864160217
0.4720804082896922
-0.010979823090156628
-0.0038220176864160217
0.4355982646116696
-0.010979823090156628
-0.0038220176864160217
0.26529881089420054
-0.010979823090156628
-0.0038220176864160217
0.44533667082551875
-0.010979823090156628
-0.0038220176864160217
0.47825318480769907
-0.006011639599472254
-0.0017530991958955157
0.03597066680093448
-0.006011639599472254
-0.0017530991958955157
0.4406048190382441
-0.006011639599472254
0.0
0.4016982340606336
-0.006011639599472254
0.0
0.3910512392788601
-0.004968183490684375
-0.0017530991958955157
0.495878914736446
-0.004968183490684375
-0.004099573571533543
0.594280681498177
-0.003493942656087583
0.0
0.38345819132582387
0.0
0.0
0.2783999757564636
0.0
0.0
0.40075468958300475
0.0
0.0
0.06654228558024909
0.0
0.0
0.39602338174285406
0.0
0.0
0.32948109616260496
0.0
0.0
0.4046341522373095
0.0
0.0
0.37462019871840646
0.0
0.0
0.18003785993131777
0.0
0.0
0.30264062724264246
0.0
0.0
0.20793147579274485
0.0
0.0
0.20793147579274485
0.0
0.0
0.20128276367894066
-0.02262028458382833
-0.025520623462348017
-0.01476259201377868
-0.018854187297787706
-0.025520623462348017
-0.014709522810168886
0.03438879350866782
-0.008140671692226214
-0.023206995995748513
0.0
0.0
0.022231776393835036
0.0
0.0
0.006172776518006807
0.0
0.0
-0.010646994781773549
0.0
0.0
0.31784136986999356
0.0
0.0
0.2619518469854197
0.0
0.0
0.2619518469854197
0.0
0.0
0.31784136986999356
0.0
0.0
0.1490079353794159
0.0
0.0
0.2909187621796657
0.0
0.0
0.18306941789354664
0.0
0.0
0.18306941789354664
0.0
0.0
0.0409240557227342
0.0
0.0
0.0409240557227342
0.0
0.0
0.14191082680024975
0.0
0.0
0.12235471382654106
0.0
0.0
0.20454688248826408
0.0
0.0
0.22912113939070244
0.0
0.0
0.21246220398191684
0.0
0.0
0.16187097707975268
0.0
0.0
0.12285157670082003
0.0
0.0
0.13487120411241063
0.0
0.0
0.16187097707975268
0.0
0.0
0.10280262455001064
0.0
0.0
0.10147958878539644
0.0
0.0
0.10147958878539644
0.0
0.0
0.1089103296912033
0.0
0.0
0.10280262455001064
0.0
0.0
0.10147958878539644
0.0
0.0
0.10147958878539644
0.0
0.0
0.1089103296912033
0.0
0.0
0.10526612834260697
0.0
0.0
0.11103654776491782
0.0
0.0
0.11497268226733344
0.0
0.0
0.10526612834260697
0.0
0.0
0.11103654776491782
0.0
0.0
0.11497268226733344
0.0
0.0
0.07422332349958494
0.0
0.0
0.07696577634208858
0.0
0.0
0.08073099428011515
0.0
0.0
0.07422332349958494
0.0
0.0
0.07696577634208858
0.0
0.0
0.08073099428011515
0.0
0.0
0.052090160805204976
0.0
0.0
0.05939839075735369
0.0
0.0
0.05697573615252364
0.0
0.0
0.05540577794787412
0.0
0.0
0.052090160805204976
0.0
0.0
0.05939839075735369
0.0
0.0
0.05697573615252364
0.0
0.0
0.05540577794787412
0.0
0.0
0.030266098120517004
0.0
0.0
0.03712108390568859
0.0
0.0
0.03352367847277257
0.0
0.0
0.030266098120517004
0.0
0.0
0.03712108390568859
0.0
0.0
0.03352367847277257
0.0
0.0
0.0
0.0
0.0
0.0
0.0
0.0
0.0
0.0
0.0
0.008686617614708387
0.0
0.0
0.0
0.0
0.0
0.0
0.0
0.0
0.0
0.0
0.0
0.016891581806663836
0.00010825243418249647
-0.00311733893910219
0.0
-0.021821968419313366
-0.013323624201656016
-0.013409405251733161
-0.021930220853495858
-0.010206285262553827
-0.013409405251733161
-0.014279177709305734
-0.013323624201656016
-0.008131248767672261
-0.014279177709305734
-0.013323624201656016
-0.008131248767672261
0.0124664926643414
0.0031182697520828386
-0.009543790702926139
-0.056661297513103545
0.0030963148755002124
0.009370450467597173
-0.056661297513103545
0.0
0.0
0.0
0.0
0.0
0.0
0.0
0.008204964191955447
0.0
0.0
0.0
-0.006469678118079613
-0.006183880000245736
-0.003753252577868196
-0.006469678118079613
-0.006183880000245736
-0.003753252577868196
-0.0058856789051612065
-0.001140898317593333
0.0
-0.0058856789051612065
-0.001140898317593333
0.0
0.003766097286040626
0.0
5.3069203609794596e-05
0.0
0.0
0.0
0.0
0.0
0.0
0.0
0.0
0.0
0.0
0.0
0.0
0.0
0.0
0.0
0.0
0.0
0.0
0.0
0.0
0.0
0.0
0.0
0.0
0.0
0.0
0.0
0.0
0.0
0.0
0.0
0.0
0.0
0.0
0.0
0.0
0.0
0.0
0.0
0.0
0.0
0.0
0.0
0.0
0.0
0.0
0.0
0.0
0.0
0.0
0.0
0.0
0.0
0.0
0.0
0.0
0.0
0.0
0.0
0.0
0.0
0.0
0.0
0.0
0.0
0.0
0.0
0.0
0.0
0.0
0.0
0.0
0.0
0.0
0.0
0.0
0.0
0.0
0.0
0.0
0.0
0.0
0.0
0.0
0.0
0.0
0.0
0.0
0.0
0.0
0.0
0.0
0.0
0.0
0.0
0.0
0.0
0.0
0.0
0.0
0.0
0.0
0.0
0.0
0.0
0.0
0.0
0.0
0.0
0.0
0.0
0.0
0.0
0.0
0.0
0.0
0.0
0.0
0.0
0.0
0.0
0.0
0.0
0.0
0.0
0.0
0.0
0.0
0.0
0.0
0.0
0.0
0.0
0.0
0.0
0.0
0.0
0.0
0.0
0.0
0.0
0.0
0.0
0.0
0.0
0.0
0.0
0.0
0.0
0.0
0.0
0.0
0.0
0.0
0.0
0.0
0.0
0.0
0.0
0.0
0.0
0.0
0.0
0.0
0.0
0.0
0.0
0.0
0.0
0.0
0.0
0.0
0.0
0.0
0.0
0.0
0.0
0.0
0.0
0.0
0.0
0.0
0.0
0.0
0.0
0.0
0.0
0.0
0.0
0.0
0.0
0.0
0.0
0.0
0.0
0.0
0.0
0.0
0.0
0.0
0.0
0.0
0.0
0.0
0.0
0.0
0.0
0.0
0.0
0.0
0.0
0.0
0.0
0.0
0.0
0.0
0.0
0.0
0.0
0.0
0.0
0.0
0.0
0.0
0.0
0.0
0.0
0.0
0.0
0.0
0.0
0.0
0.0
0.0
0.0
0.0
0.0
0.0
0.0
0.0
0.0
0.0
0.0
0.0
0.0
0.0
0.0
0.0
0.0
0.0
0.0
0.0
0.0
0.0
0.0
0.0
0.0
0.0
0.0
0.0
0.0
0.0
0.0
0.0
0.0
0.0
0.0
0.0
0.0
0.0
0.0
0.0
0.0
0.0
0.0
0.0
0.0
0.0
0.0
0.0
0.0
0.0
0.0
0.0
0.0
0.0
0.0
0.0
0.0
0.0
0.0
0.0
0.0
0.0
0.0
0.0
0.0
0.0
0.0
0.0
0.0
0.0
0.0
0.0
0.0
0.0
0.0
0.0
0.0
0.0
0.0
0.0
0.0
0.0
0.0
0.0
0.0
0.0
0.0
0.0
0.0
0.0
0.0
0.0
0.0
0.0
0.0
0.0
0.0
0.0
0.0
0.0
0.0
0.0
0.0
0.0
0.0
0.0
0.0
0.0
0.0
0.0
0.0
0.0
0.0
0.0
0.0
0.0
0.0
0.0
0.0
0.0
0.0
0.0
0.0
0.0
0.0
0.0
0.0
0.0
0.0
0.0
0.0
0.0
0.0
0.0
0.0
0.0
0.0
0.0
0.0
0.0
0.0
0.0
0.0
0.0
0.0
0.0
0.0
0.0
0.0
0.0
0.0
0.0
0.0
0.0
0.0
0.0
0.0
0.0
0.0
0.0
0.0
0.0
0.0
0.0
0.0
0.0
0.0
0.0
0.0
0.0
0.0
0.0
0.0
0.0
0.0
0.0
0.0
0.0
0.0
0.0
0.0
0.0
0.0
0.0
0.0
0.0
0.0
0.0
0.0
0.0
0.0
0.0
0.0
0.0
0.0
0.0
0.0
0.0
0.0
0.0
0.0
0.0
0.0
0.0
0.0
0.0
0.0
0.0
0.0
0.0
0.0
0.0
0.0
0.0
0.0
0.0
0.0
0.0
0.0
0.0
0.0
0.0
0.0
0.0
0.0
0.0
0.0
0.0
0.0
0.0
0.0
0.0
0.0
0.0
0.0
0.0
0.0
0.0
0.0
0.0
0.0
0.0
0.0
0.0
0.0
0.0
0.0
0.0
0.0
0.0
0.0
0.0
0.0
0.0
0.0
0.0
0.0
0.0
0.0
0.0
0.0
0.0
0.0
0.0
0.0
0.0
0.0
0.0
0.0
0.0
0.0
0.0
0.0
0.0
0.0
0.0
0.0
0.0
0.0
0.0
0.0
0.0
0.0
0.0
0.0
0.0
0.0
0.0
0.0
0.0
0.0
0.0
0.0
0.0
0.0
0.0
0.0
0.0
0.0
0.0
0.0
0.0
0.0
0.0
0.0
0.0
0.0
0.0
0.0
0.0
0.0
0.0
0.0
0.0
0.0
0.0
0.0
0.0
0.0
0.0
0.0
0.0
0.0
0.0
0.0
0.0
0.0
0.0
0.0
0.0
0.0
0.0
0.0
0.0
0.0
0.0
0.0
0.0
0.0
0.0
0.0
0.0
0.0
0.0
0.0
0.0
0.0
0.0
0.0
0.0
0.0
0.0
0.0
0.0
0.0
0.0
0.0
0.0
0.0
0.0
0.0
0.0
0.0
0.0
0.0
0.0
0.0
0.0
0.0
0.0
0.0
0.0
0.0
0.0
0.0
0.0
0.0
0.0
0.0
0.0
0.0
0.0
0.0
0.0
0.0
0.0
0.0
0.0
0.0
0.0
0.0
0.0
0.0
0.0
0.0
0.0
0.0
0.0
0.0
0.0
0.0
0.0
0.0
0.0
0.0
0.0
0.0
0.0
0.0
0.0
0.0
0.0
0.0
0.0
0.0
0.0
0.0
0.0
0.0
0.0
0.0
0.0
0.0
0.0
0.0
0.0
0.0
0.0
0.0
0.0
0.0
0.0
0.0
0.0
0.0
0.0
0.0
0.0
0.0
0.0
0.0
0.0
0.0
0.0
0.0
0.0
0.0
0.0
0.0
0.0
0.0
0.0
0.0
0.0
0.0
0.0
0.0
0.0
0.0
0.0
0.0
0.0
0.0
0.0
0.0
0.0
0.0
0.0
0.0
0.0
0.0
0.0
0.0
0.0
0.0
0.0
0.0
0.0
0.0
0.0
0.0
0.0
0.0
0.0
0.0
0.0
0.0
0.0
0.0
0.0
0.0
0.0
0.0
0.0
0.0
0.0
0.0
0.0
0.0
0.0
0.0
0.0
0.0
0.0
0.0
0.0
0.0
0.0
0.0
0.0
0.0
0.0
0.0
0.0
0.0
0.0
0.0
0.0
0.0
0.0
0.0
0.0
0.0
0.0
0.0
0.0
0.0
0.0
0.0
0.0
0.0
0.0
0.0
0.0
0.0
0.0
0.0
0.0
0.0
0.0
0.0
0.0
0.0
0.0
0.0
0.0
0.0
0.0
0.0
0.0
0.0
0.0
0.0
0.0
0.0
0.0
0.0
0.0
0.0
0.0
0.0
0.0
0.0
0.0
0.0
0.0
0.0
0.0
0.0
0.0
0.0
0.0
0.0
0.0
0.0
0.0
0.0
0.0
0.0
0.0
0.0
0.0
0.0
0.0
0.0
0.0
0.0
0.0
0.0
0.0
0.0
0.0
0.0
0.0
0.0
0.0
0.0
0.0
0.0
0.0
0.0
0.0
0.0
0.0
0.0
0.0
0.0
0.0
0.0
0.0
0.0
0.0
0.0
0.0
0.0
0.0
0.0
0.0
0.0
0.0
0.0
0.0
0.0
0.0
0.0
0.0
0.0
0.0
0.0
0.0
0.0
0.0
0.0
0.0
0.0
0.0
0.0
0.0
0.0
0.0
0.0
0.0
0.0
0.0
0.0
0.0
0.0
0.0
0.0
0.0
0.0
0.0
0.0
0.0
0.0
0.0
0.0
0.0
0.0
0.0
0.0
0.0
0.0
0.0
0.0
0.0
0.0
0.0
0.0
0.0
0.0
0.0
0.0
0.0
0.0
0.0
0.0
0.0
0.0
0.0
0.0
0.0
0.0
0.0
0.0
0.0
0.0
0.0
0.0
0.0
0.0
0.0
0.0
0.0
0.0
0.0
0.0
0.0
0.0
0.0
0.0
0.0
0.0
0.0
0.0
0.0
0.0
0.0
0.0
0.0
0.0
0.0
0.0
0.0
0.0
0.0
0.0
0.0
0.0
0.0
0.0
0.0
0.0
0.0
0.0
0.0
0.0
0.0
0.0
0.0
0.0
0.0
0.0
0.0
0.0
0.0
0.0
0.0
0.0
0.0
0.0
0.0
0.0
0.0
0.0
0.0
0.0
0.0
0.0
0.0
0.0
0.0
0.0
0.0
0.0
0.0
0.0
0.0
0.0
0.0
0.0
0.0
0.0
0.0
0.0
0.0
0.0
0.0
0.0
0.0
0.0
0.0
0.0
0.0
0.0
0.0
0.0
0.0
0.0
0.0
0.0
0.0
0.0
0.0
0.0
0.0
0.0
0.0
0.0
0.0
0.0
0.0
0.0
0.0
0.0
0.0
0.0
0.0
0.0
0.0
0.0
0.0
0.0
0.0
0.0
0.0
0.0
0.0
0.0
0.0
0.0
0.0
0.0
0.0
0.0
0.0
0.0
0.0
0.0
0.0
0.0
0.0
0.0
0.0
0.0
0.0
0.0
0.0
0.0
0.0
0.0
0.0
0.0
0.0
0.0
0.0
0.0
0.0
0.0
0.0
0.0
0.0
0.0
0.0
0.0
0.0
0.0
0.0
0.0
0.0
0.0
0.0
0.0
0.0
0.0
0.0
0.0
0.0
0.0
0.0
0.0
0.0
0.0
0.0
0.0
0.0
0.0
0.0
0.0
0.0
0.0
0.0
0.0
0.0
0.0
0.0
0.0
0.0
0.0
0.0
0.0
0.0
0.0
0.0
0.0
0.0
0.0
0.0
0.0
0.0
0.0
0.0
0.0
0.0
0.0
0.0
0.0
0.0
0.0
0.0
0.0
0.0
0.0
0.0
0.0
0.0
0.0
0.0
0.0
0.0
0.0
0.0
0.0
0.0
0.0
0.0
0.0
0.0
0.0
0.0
0.0
0.0
0.0
0.0
0.0
0.0
0.0
0.0
0.0
0.0
0.0
0.0
0.0
0.0
0.0
0.0
0.0
0.0
0.0
0.0
0.0
0.0
0.0
0.0
0.0
0.0
0.0
0.0
0.0
0.0
0.0
0.0
0.0
0.0
0.0
0.0
0.0
0.0
0.0
0.0
0.0
0.0
0.0
0.0
0.0
0.0
0.0
0.0
0.0
0.0
0.0
0.0
0.0
0.0
0.0
0.0
0.0
0.0
0.0
0.0
0.0
0.0
0.0
0.0
0.0
0.0
0.0
0.0
0.0
0.0
0.0
0.0
0.0
0.0
0.0
0.0
0.0
0.0
0.0
0.0
0.0
0.0
0.0
0.0
0.0
0.0
0.0
0.0
0.0
0.0
0.0
0.0
0.0
0.0
0.0
0.0
0.0
0.0
0.0
0.0
0.0
0.0
0.0
0.0
0.0
0.0
0.0
0.0
0.0
0.0
0.0
0.0
0.0
0.0
0.0
0.0
0.0
0.0
0.0
0.0
0.0
0.0
0.0
0.0
0.0
0.0
0.0
0.0
0.0
0.0
0.0
0.0
0.0
0.0
0.0
0.0
0.0
0.0
0.0
0.0
0.0
0.0
0.0
0.0
0.0
0.0
0.0
0.0
0.0
0.0
0.0
0.0
0.0
0.0
0.0
0.0
0.0
0.0
0.0
0.0
0.0
0.0
0.0
0.0
0.0
0.0
0.0
0.0
0.0
0.0
0.0
0.0
0.0
0.0
0.0
0.0
0.0
0.0
0.0
0.0
0.0
0.0
0.0
0.0
0.0
0.0
0.0
0.0
0.0
0.0
0.0
0.0
0.0
0.0
0.0
0.0
0.0
0.0
0.0
0.0
0.0
0.0
0.0
0.0
0.0
0.0
0.0
0.0
0.0
0.0
0.0
0.0
0.0
0.0
0.0
0.0
0.0
0.0
0.0
0.0
0.0
0.0
0.0
0.0
0.0
0.0
0.0
0.0
0.0
0.0
0.0
0.0
0.0
0.0
0.0
0.0
0.0
0.0
0.0
0.0
0.0
0.0
0.0
0.0
0.0
0.0
0.0
0.0
0.0
0.0
0.0
0.0
0.0
0.0
0.0
0.0
0.0
0.0
0.0
0.0
0.0
0.0
0.0
0.0
0.0
0.0
0.0
0.0
0.0
0.0
0.0
0.0
0.0
0.0
0.0
0.0
0.0
0.0
0.0
0.0
0.0
0.0
0.0
0.0
0.0
0.0
0.0
0.0
0.0
0.0
0.0
0.0
0.0
0.0
0.0
0.0
0.0
0.0
0.0
0.0
0.0
0.0
0.0
0.0
0.0
0.0
0.0
0.0
0.0
0.0
0.0
0.0
0.0
0.0
0.0
0.0
0.0
0.0
0.0
0.0
0.0
0.0
0.0
0.0
0.0
0.0
0.0
0.0
0.0
0.0
0.0
0.0
0.0
0.0
0.0
0.0
0.0
0.0
0.0
0.0
0.0
0.0
0.0
0.0
0.0
0.0
0.0
0.0
0.0
0.0
0.0
0.0
0.0
0.0
0.0
0.0
0.0
0.0
0.0
0.0
0.0
0.0
0.0
0.0
0.0
0.0
0.0
0.0
0.0
0.0
0.0
0.0
0.0
0.0
0.0
0.0
0.0
0.0
0.0
0.0
0.0
0.0
0.0
0.0
0.0
0.0
0.0
0.0
0.0
0.0
0.0
0.0
0.0
0.0
0.0
0.0
0.0
0.0
0.0
0.0
0.0
0.0
0.0
0.0
0.0
0.0
0.0
0.0
0.0
0.0
0.0
0.0
0.0
0.0
0.0
0.0
0.0
0.0
0.0
0.0
0.0
0.0
0.0
0.0
0.0
0.0
0.0
0.0
0.0
0.0
0.0
0.0
0.0
0.0
0.0
0.0
0.0
0.0
0.0
0.0
0.0
0.0
0.0
0.0
0.0
0.0
0.0
0.0
0.0
0.0
0.0
0.0
0.0
0.0
0.0
0.0
0.0
0.0
0.0
0.0
0.0
0.0
0.0
0.0
0.0
0.0
0.0
0.0
0.0
0.0
0.0
0.0
0.0
0.0
0.0
0.0
0.0
0.0
0.0
0.0
0.0
0.0
0.0
0.0
0.0
0.0
0.0
0.0
0.0
0.0
0.0
0.0
0.0
0.0
0.0
0.0
0.0
0.0
0.0
0.0
0.0
0.0
0.0
0.0
0.0
0.0
0.0
0.0
0.0
0.0
0.0
0.0
0.0
0.0
0.0
0.0
0.0
0.0
0.0
0.0
0.0
0.0
0.0
0.0
0.0
0.0
0.0
0.0
0.0
0.0
0.0
0.0
0.0
0.0
0.0
0.0
0.0
0.0
0.0
0.0
0.0
0.0
0.0
0.0
0.0
0.0
0.0
0.0
0.0
0.0
0.0
0.0
0.0
0.0
0.0
0.0
0.0
0.0
0.0
0.0
0.0
0.0
0.0
0.0
0.0
0.0
0.0
0.0
0.0
0.0
0.0
0.0
0.0
0.0
0.0
0.0
0.0
0.0
0.0
0.0
0.0
0.0
0.0
0.0
0.0
0.0
0.0
0.0
0.0
0.0
0.0
0.0
0.0
0.0
0.0
0.0
0.0
0.0
0.0
0.0
0.0
0.0
0.0
0.0
0.0
0.0
0.0
0.0
0.0
0.0
0.0
0.0
0.0
0.0
0.0
0.0
0.0
0.0
0.0
0.0
0.0
0.0
0.0
0.0
0.0
0.0
0.0
0.0
0.0
0.0
0.0
0.0
0.0
0.0
0.0
0.0
0.0
0.0
0.0
0.0
0.0
0.0
0.0
0.0
0.0
0.0
0.0
0.0
0.0
0.0
0.0
0.0
0.0
0.0
0.0
0.0
0.0
0.0
0.0
0.0
0.0
0.0
0.0
0.0
0.0
0.0
0.0
0.0
0.0
0.0
0.0
0.0
0.0
0.0
0.0
0.0
0.0
0.0
0.0
0.0
0.0
0.0
0.0
0.0
0.0
0.0
0.0
0.0
0.0
0.0
0.0
0.0
0.0
0.0
0.0
0.0
0.0
0.0
0.0
0.0
0.0
0.0
0.0
0.0
0.0
0.0
0.0
0.0
0.0
0.0
0.0
0.0
0.0
0.0
0.0
0.0
0.0
0.0
0.0
0.0
0.0
0.0
0.0
0.0
0.0
0.0
0.0
0.0
0.0
0.0
0.0
0.0
0.0
0.0
0.0
0.0
0.0
0.0
0.0
0.0
0.0
0.0
0.0
0.0
0.0
0.0
0.0
0.0
0.0
0.0
0.0
0.0
0.0
0.0
0.0
0.0
0.0
0.0
0.0
0.0
0.0
0.0
0.0
0.0
0.0
0.0
0.0
0.0
0.0
0.0
0.0
0.0
0.0
0.0
0.0
0.0
0.0
0.0
0.0
0.0
0.0
0.0
0.0
0.0
0.0
0.0
0.0
0.0
0.0
0.0
0.0
0.0
0.0
0.0
0.0
0.0
0.0
0.0
0.0
0.0
0.0
0.0
0.0
0.0
0.0
0.0
0.0
0.0
0.0
0.0
0.0
0.0
0.0
0.0
0.0
0.0
0.0
0.0
0.0
0.0
0.0
0.0
0.0
0.0
0.0
0.0
0.0
0.0
0.0
0.0
0.0
0.0
0.0
0.0
0.0
0.0
0.0
0.0
0.0
0.0
0.0
0.0
0.0
0.0
0.0
0.0
0.0
0.0
0.0
0.0
0.0
0.0
0.0
0.0
0.0
0.0
0.0
0.0
0.0
0.0
0.0
0.0
0.0
0.0
0.0
0.0
0.0
0.0
0.0
0.0
0.0
0.0
0.0
0.0
0.0
0.0
0.0
0.0
0.0
0.0
0.0
0.0
0.0
0.0
0.0
0.0
0.0
0.0
0.0
0.0
0.0
0.0
0.0
0.0
0.0
0.0
0.0
0.0
0.0
0.0
0.0
0.0
0.0
0.0
0.0
0.0
0.0
0.0
0.0
0.0
0.0
0.0
0.0
0.0
0.0
0.0
0.0
0.0
0.0
0.0
0.0
0.0
0.0
0.0
0.0
0.0
0.0
0.0
0.0
0.0
0.0
0.0
0.0
0.0
0.0
0.0
0.0
0.0
0.0
0.0
0.0
0.0
0.0
0.0
0.0
0.0
0.0
0.0
0.0
0.0
0.0
0.0
0.0
0.0
0.0
0.0
0.0
0.0
0.0
0.0
0.0
0.0
0.0
0.0
0.0
0.0
0.0
0.0
0.0
0.0
0.0
0.0
0.0
0.0
0.0
0.0
0.0
0.0
0.0
0.0
0.0
0.0
0.0
0.0
0.0
0.0
0.0
0.0
0.0
0.0
0.0
0.0
0.0
0.0
0.0
0.0
0.0
0.0
0.0
0.0
0.0
0.0
0.0
0.0
0.0
0.0
0.0
0.0
0.0
0.0
0.0
0.0
0.0
0.0
0.0
0.0
0.0
0.0
0.0
0.0
0.0
0.0
0.0
0.0
0.0
0.0
0.0
0.0
0.0
0.0
0.0
0.0
0.0
0.0
0.0
0.0
0.0
0.0
0.0
0.0
0.0
0.0
0.0
0.0
0.0
0.0
0.0
0.0
0.0
0.0
0.0
0.0
0.0
0.0
0.0
0.0
0.0
0.0
0.0
0.0
0.0
0.0
0.0
0.0
0.0
0.0
0.0
0.0
0.0
0.0
0.0
0.0
0.0
0.0
0.0
0.0
0.0
0.0
0.0
0.0
0.0
0.0
0.0
0.0
0.0
0.0
0.0
0.0
0.0
0.0
0.0
0.0
0.0
0.0
0.0
0.0
0.0
0.0
0.0
0.0
0.0
0.0
0.0
0.0
0.0
0.0
0.0
0.0
0.0
0.0
0.0
0.0
0.0
0.0
0.0
0.0
0.0
0.0
0.0
0.0
0.0
0.0
0.0
0.0
0.0
0.0
0.0
0.0
0.0
0.0
0.0
0.0
0.0
0.0
0.0
0.0
0.0
0.0
0.0
0.0
0.0
0.0
0.0
0.0
0.0
0.0
0.0
0.0
0.0
0.0
0.0
0.0
0.0
0.0
0.0
0.0
0.0
0.0
0.0
0.0
0.0
0.0
0.0
0.0
0.0
0.0
0.0
0.0
0.0
0.0
0.0
0.0
0.0
0.0
0.0
0.0
0.0
0.0
0.0
0.0
0.0
0.0
0.0
0.0
0.0
0.0
0.0
0.0
0.0
0.0
0.0
0.0
0.0
0.0
0.0
0.0
0.0
0.0
0.0
0.0
0.0
0.0
0.0
0.0
0.0
0.0
0.0
0.0
0.0
0.0
0.0
0.0
0.0
0.0
0.0
0.0
0.0
0.0
0.0
0.0
0.0
0.0
0.0
0.0
0.0
0.0
0.0
0.0
0.0
0.0
0.0
0.0
0.0
0.0
0.0
0.0
0.0
0.0
0.0
0.0
0.0
0.0
0.0
0.0
0.0
0.0
0.0
0.0
0.0
0.0
0.0
0.0
0.0
0.0
0.0
0.0
0.0
0.0
0.0
0.0
0.0
0.0
0.0
0.0
0.0
0.0
0.0
0.0
0.0
0.0
0.0
0.0
0.0
0.0
0.0
0.0
0.0
0.0
0.0
0.0
0.0
0.0
0.0
0.0
0.0
0.0
0.0
0.0
0.0
0.0
0.0
0.0
0.0
0.0
0.0
0.0
0.0
0.0
0.0
0.0
0.0
0.0
0.0
0.0
0.0
0.0
0.0
0.0
0.0
0.0
0.0
0.0
0.0
0.0
0.0
0.0
0.0
0.0
0.0
0.0
0.0
0.0
0.0
0.0
0.0
0.0
0.0
0.0
0.0
0.0
0.0
0.0
0.0
0.0
0.0
0.0
0.0
0.0
0.0
0.0
0.0
0.0
0.0
0.0
0.0
0.0
0.0
0.0
0.0
0.0
0.0
0.0
0.0
0.0
0.0
0.0
0.0
0.0
0.0
0.0
0.0
0.0
0.0
0.0
0.0
0.0
0.0
0.0
0.0
0.0
0.0
0.0
0.0
0.0
0.0
0.0
0.0
0.0
0.0
0.0
0.0
0.0
0.0
0.0
0.0
0.0
0.0
0.0
0.0
0.0
0.0
0.0
0.0
0.0
0.0
0.0
0.0
0.0
0.0
0.0
0.0
0.0
0.0
0.0
0.0
0.0
0.0
0.0
0.0
0.0
0.0
0.0
0.0
0.0
0.0
0.0
0.0
0.0
0.0
0.0
0.0
0.0
0.0
0.0
0.0
0.0
0.0
0.0
0.0
0.0
0.0
0.0
0.0
0.0
0.0
0.0
0.0
0.0
0.0
0.0
0.0
0.0
0.0
0.0
0.0
0.0
0.0
0.0
0.0
0.0
0.0
0.0
0.0
0.0
0.0
0.0
0.0
0.0
0.0
0.0
0.0
0.0
0.0
0.0
0.0
0.0
0.0
0.0
0.0
0.0
0.0
0.0
0.0
0.0
0.0
0.0
0.0
0.0
0.0
0.0
0.0
0.0
0.0
0.0
0.0
0.0
0.0
0.0
0.0
0.0
0.0
0.0
0.0
0.0
0.0
0.0
0.0
0.0
0.0
0.0
0.0
0.0
0.0
0.0
0.0
0.0
0.0
0.0
0.0
0.0
0.0
0.0
0.0
0.0
0.0
0.0
0.0
0.0
0.0
0.0
0.0
0.0
0.0
0.0
0.0
0.0
0.0
0.0
0.0
0.0
0.0
0.0
0.0
0.0
0.0
0.0
0.0
0.0
0.0
0.0
0.0
0.0
0.0
0.0
0.0
0.0
0.0
0.0
0.0
0.0
0.0
0.0
0.0
0.0
0.0
0.0
0.0
0.0
0.0
0.0
0.0
0.0
0.0
0.0
0.0
0.0
0.0
0.0
0.0
0.0
0.0
0.0
0.0
0.0
0.0
0.0
0.0
0.0
0.0
0.0
0.0
0.0
0.0
0.0
0.0
0.0
0.0
0.0
0.0
0.0
0.0
0.0
0.0
0.0
0.0
0.0
0.0
0.0
0.0
0.0
0.0
0.0
0.0
0.0
0.0
0.0
0.0
0.0
0.0
0.0
0.0
0.0
0.0
0.0
0.0
0.0
0.0
0.0
0.0
0.0
0.0
0.0
0.0
0.0
0.0
0.0
0.0
0.0
0.0
0.0
0.0
0.0
0.0
0.0
0.0
0.0
0.0
0.0
0.0
0.0
0.0
0.0
0.0
0.0
0.0
0.0
0.0
0.0
0.0
0.0
0.0
0.0
0.0
0.0
0.0
0.0
0.0
0.0
0.0
0.0
0.0
0.0
0.0
0.0
0.0
0.0
0.0
0.0
0.0
0.0
0.0
0.0
0.0
0.0
0.0
0.0
0.0
0.0
0.0
0.0
0.0
0.0
0.0
0.0
0.0
0.0
0.0
0.0
0.0
0.0
0.0
0.0
0.0
0.0
0.0
0.0
0.0
0.0
0.0
0.0
0.0
0.0
0.0
0.0
0.0
0.0
0.0
0.0
0.0
0.0
0.0
0.0
0.0
0.0
0.0
0.0
0.0
0.0
0.0
0.0
0.0
0.0
0.0
0.0
0.0
0.0
0.0
0.0
0.0
0.0
0.0
0.0
0.0
0.0
0.0
0.0
0.0
0.0
0.0
0.0
0.0
0.0
0.0
0.0
0.0
0.0
0.0
0.0
0.0
0.0
0.0
0.0
0.0
0.0
0.0
0.0
0.0
0.0
0.0
0.0
0.0
0.0
0.0
0.0
0.0
0.0
0.0
0.0
0.0
0.0
0.0
0.0
0.0
0.0
0.0
0.0
0.0
0.0
0.0
0.0
0.0
0.0
0.0
0.0
0.0
0.0
0.0
0.0
0.0
0.0
0.0
0.0
0.0
0.0
0.0
0.0
0.0
0.0
0.0
0.0
0.0
0.0
0.0
0.0
0.0
0.0
0.0
0.0
0.0
0.0
0.0
0.0
0.0
0.0
0.0
0.0
0.0
0.0
0.0
0.0
0.0
0.0
0.0
0.0
0.0
0.0
0.0
0.0
0.0
0.0
0.0
0.0
0.0
0.0
0.0
0.0
0.0
0.0
0.0
0.0
0.0
0.0
0.0
0.0
0.0
0.0
0.0
0.0
0.0
0.0
0.0
0.0
0.0
0.0
0.0
0.0
0.0
0.0
0.0
0.0
0.0
0.0
0.0
0.0
0.0
0.0
0.0
0.0
0.0
0.0
0.0
0.0
0.0
0.0
0.0
0.0
0.0
0.0
0.0
0.0
0.0
0.0
0.0
0.0
0.0
0.0
0.0
0.0
0.0
0.0
0.0
0.0
0.0
0.0
0.0
0.0
0.0
0.0
0.0
0.0
0.0
0.0
0.0
0.0
0.0
0.0
0.0
0.0
0.0
0.0
0.0
0.0
0.0
0.0
0.0
0.0
0.0
0.0
0.0
0.0
0.0
0.0
0.0
0.0
0.0
0.0
0.0
0.0
0.0
0.0
0.0
0.0
0.0
0.0
0.0
0.0
0.0
0.0
0.0
0.0
0.0
0.0
0.0
0.0
0.0
0.0
0.0
0.0
0.0
0.0
0.0
0.0
0.0
0.0
0.0
0.0
0.0
0.0
0.0
0.0
0.0
0.0
0.0
0.0
0.0
0.0
0.0
0.0
0.0
0.0
0.0
0.0
0.0
0.0
0.0
0.0
0.0
0.0
0.0
0.0
0.0
0.0
0.0
0.0
0.0
0.0
0.0
0.0
0.0
0.0
0.0
0.0
0.0
0.0
0.0
0.0
0.0
0.0
0.0
0.0
0.0
0.0
0.0
0.0
0.0
0.0
0.0
0.0
0.0
0.0
0.0
0.0
0.0
0.0
0.0
0.0
0.0
0.0
0.0
0.0
0.0
0.0
0.0
0.0
0.0
0.0
0.0
0.0
0.0
0.0
0.0
0.0
0.0
0.0
0.0
0.0
0.0
0.0
0.0
0.0
0.0
0.0
0.0
0.0
0.0
0.0
0.0
0.0
0.0
0.0
0.0
0.0
0.0
0.0
0.0
0.0
0.0
0.0
0.0
0.0
0.0
0.0
0.0
0.0
0.0
0.0
0.0
0.0
0.0
0.0
0.0
0.0
0.0
0.0
0.0
0.0
0.0
0.0
0.0
0.0
0.0
0.0
0.0
0.0
0.0
0.0
0.0
0.0
0.0
0.0
0.0
0.0
0.0
0.0
0.0
0.0
0.0
0.0
0.0
0.0
0.0
0.0
0.0
0.0
0.0
0.0
0.0
0.0
0.0
0.0
0.0
0.0
0.0
0.0
0.0
0.0
0.0
0.0
0.0
0.0
0.0
0.0
0.0
0.0
0.0
0.0
0.0
0.0
0.0
0.0
0.0
0.0
0.0
0.0
0.0
0.0
0.0
0.0
0.0
0.0
0.0
0.0
0.0
0.0
0.0
0.0
0.0
0.0
0.0
0.0
0.0
0.0
0.0
0.0
0.0
0.0
0.0
0.0
0.0
0.0
0.0
0.0
0.0
0.0
0.0
0.0
0.0
0.0
0.0
0.0
0.0
0.0
0.0
0.0
0.0
0.0
0.0
0.0
0.0
0.0
0.0
0.0
0.0
0.0
0.0
0.0
0.0
0.0
0.0
0.0
0.0
0.0
0.0
0.0
0.0
0.0
0.0
0.0
0.0
0.0
0.0
0.0
0.0
0.0
0.0
0.0
0.0
0.0
0.0
0.0
0.0
0.0
0.0
0.0
0.0
0.0
0.0
0.0
0.0
0.0
0.0
0.0
0.0
0.0
0.0
0.0
0.0
0.0
0.0
0.0
0.0
0.0
0.0
0.0
0.0
0.0
0.0
0.0
0.0
0.0
0.0
0.0
0.0
0.0
0.0
0.0
0.0
0.0
0.0
0.0
0.0
0.0
0.0
0.0
0.0
0.0
0.0
0.0
0.0
0.0
0.0
0.0
0.0
0.0
0.0
0.0
0.0
0.0
0.0
0.0
0.0
0.0
0.0
0.0
0.0
0.0
0.0
0.0
0.0
0.0
0.0
0.0
0.0
0.0
0.0
0.0
0.0
0.0
0.0
0.0
0.0
0.0
0.0
0.0
0.0
0.0
0.0
0.0
0.0
0.0
0.0
0.0
0.0
0.0
0.0
0.0
0.0
0.0
0.0
0.0
0.0
0.0
0.0
0.0
0.0
0.0
0.0
0.0
0.0
0.0
0.0
0.0
0.0
0.0
0.0
0.0
0.0
0.0
0.0
0.0
0.0
0.0
0.0
0.0
0.0
0.0
0.0
0.0
0.0
0.0
0.0
0.0
0.0
0.0
0.0
0.0
0.0
0.0
0.0
0.0
0.0
0.0
0.0
0.0
0.0
0.0
0.0
0.0
0.0
0.0
0.0
0.0
0.0
0.0
0.0
0.0
0.0
0.0
0.0
0.0
0.0
0.0
0.0
0.0
0.0
0.0
0.0
0.0
0.0
0.0
0.0
0.0
0.0
0.0
0.0
0.0
0.0
0.0
0.0
0.0
0.0
0.0
0.0
0.0
0.0
0.0
0.0
0.0
0.0
0.0
0.0
0.0
0.0
0.0
0.0
0.0
0.0
0.0
0.0
0.0
0.0
0.0
0.0
0.0
0.0
0.0
0.0
0.0
0.0
0.0
0.0
0.0
0.0
0.0
0.0
0.0
0.0
0.0
0.0
0.0
0.0
0.0
0.0
0.0
0.0
0.0
0.0
0.0
0.0
0.0
0.0
0.0
0.0
0.0
0.0
0.0
0.0
0.0
0.0
0.0
0.0
0.0
0.0
0.0
0.0
0.0
0.0
0.0
0.0
0.0
0.0
0.0
0.0
0.0
0.0
0.0
0.0
0.0
0.0
0.0
0.0
0.0
0.0
0.0
0.0
0.0
0.0
0.0
0.0
0.0
0.0
0.0
0.0
0.0
0.0
0.0
0.0
0.0
0.0
0.0
0.0
0.0
0.0
0.0
0.0
0.0
0.0
0.0
0.0
0.0
0.0
0.0
0.0
0.0
0.0
0.0
0.0
0.0
0.0
0.0
0.0
0.0
0.0
0.0
0.0
0.0
0.0
0.0
0.0
0.0
0.0
0.0
0.0
0.0
0.0
0.0
0.0
0.0
0.0
0.0
0.0
0.0
0.0
0.0
0.0
0.0
0.0
0.0
0.0
0.0
0.0
0.0
0.0
0.0
0.0
0.0
0.0
0.0
0.0
0.0
0.0
0.0
0.0
0.0
0.0
0.0
